build/app/intermediates/manifest_merge_blame_file/release/manifest-merger-blame-release-report.txt
1<?xml version="1.0" encoding="utf-8"?>
2<manifest xmlns:android="http://schemas.android.com/apk/res/android"
3    package="com.chayakart"
4    android:versionCode="2"
5    android:versionName="1.0.0" >
6
7    <uses-sdk
8        android:minSdkVersion="23"
8-->src\main\AndroidManifest.xml
9        android:targetSdkVersion="33" />
9-->src\main\AndroidManifest.xml
10
11    <uses-permission android:name="android.permission.INTERNET" />
11-->src\main\AndroidManifest.xml:4:5-67
11-->src\main\AndroidManifest.xml:4:22-64
12    <uses-permission android:name="android.permission.ACCESS_COARSE_LOCATION" />
12-->src\main\AndroidManifest.xml:5:5-81
12-->src\main\AndroidManifest.xml:5:22-78
13    <uses-permission android:name="android.permission.ACCESS_FINE_LOCATION" />
13-->src\main\AndroidManifest.xml:6:5-79
13-->src\main\AndroidManifest.xml:6:22-76
14    <uses-permission android:name="android.permission.ACCESS_WIFI_STATE" />
14-->src\main\AndroidManifest.xml:7:5-76
14-->src\main\AndroidManifest.xml:7:22-73
15    <uses-permission android:name="android.permission.BLUETOOTH" />
15-->src\main\AndroidManifest.xml:8:5-68
15-->src\main\AndroidManifest.xml:8:22-65
16    <uses-permission android:name="android.permission.BLUETOOTH_ADMIN" />
16-->src\main\AndroidManifest.xml:9:5-74
16-->src\main\AndroidManifest.xml:9:22-71
17    <uses-permission android:name="android.permission.BLUETOOTH_CONNECT" />
17-->src\main\AndroidManifest.xml:10:5-76
17-->src\main\AndroidManifest.xml:10:22-73
18    <uses-permission android:name="android.permission.RECORD_AUDIO" />
18-->src\main\AndroidManifest.xml:11:5-71
18-->src\main\AndroidManifest.xml:11:22-68
19    <uses-permission
19-->src\main\AndroidManifest.xml:12:5-80
20        android:name="android.permission.READ_EXTERNAL_STORAGE"
20-->src\main\AndroidManifest.xml:12:22-77
21        android:maxSdkVersion="32" />
21-->[:open_filex] AndroidManifest.xml:12:9-35
22    <uses-permission android:name="android.permission.WRITE_EXTERNAL_STORAGE" />
22-->src\main\AndroidManifest.xml:13:5-81
22-->src\main\AndroidManifest.xml:13:22-78
23    <uses-permission android:name="android.permission.ACCESS_NOTIFICATION_POLICY" />
23-->src\main\AndroidManifest.xml:14:5-85
23-->src\main\AndroidManifest.xml:14:22-82
24    <uses-permission android:name="android.permission.WAKE_LOCK" />
24-->src\main\AndroidManifest.xml:15:5-68
24-->src\main\AndroidManifest.xml:15:22-65
25    <uses-permission android:name="android.permission.RECEIVE_SMS" />
25-->src\main\AndroidManifest.xml:16:5-69
25-->src\main\AndroidManifest.xml:16:22-67
26
27    <queries>
27-->src\main\AndroidManifest.xml:18:5-22:15
28        <intent>
28-->src\main\AndroidManifest.xml:19:9-21:18
29            <action android:name="android.speech.RecognitionService" />
29-->src\main\AndroidManifest.xml:20:13-72
29-->src\main\AndroidManifest.xml:20:21-69
30        </intent>
31        <intent>
31-->[:file_picker] AndroidManifest.xml:12:9-16:18
32            <action android:name="android.intent.action.GET_CONTENT" />
32-->[:file_picker] AndroidManifest.xml:13:13-72
32-->[:file_picker] AndroidManifest.xml:13:21-69
33
34            <data android:mimeType="*/*" />
34-->src\main\AndroidManifest.xml:75:17-77:46
35        </intent>
36        <intent>
36-->[com.razorpay:checkout:1.6.36] AndroidManifest.xml:11:9-17:18
37            <action android:name="android.intent.action.VIEW" />
37-->src\main\AndroidManifest.xml:70:17-69
37-->src\main\AndroidManifest.xml:70:25-66
38
39            <data
39-->src\main\AndroidManifest.xml:75:17-77:46
40                android:mimeType="*/*"
41                android:scheme="*" />
41-->src\main\AndroidManifest.xml:77:21-43
42        </intent>
43        <intent>
43-->[com.razorpay:checkout:1.6.36] AndroidManifest.xml:18:9-27:18
44            <action android:name="android.intent.action.VIEW" />
44-->src\main\AndroidManifest.xml:70:17-69
44-->src\main\AndroidManifest.xml:70:25-66
45
46            <category android:name="android.intent.category.BROWSABLE" />
46-->src\main\AndroidManifest.xml:73:17-78
46-->src\main\AndroidManifest.xml:73:27-75
47
48            <data
48-->src\main\AndroidManifest.xml:75:17-77:46
49                android:host="pay"
49-->src\main\AndroidManifest.xml:76:21-53
50                android:mimeType="*/*"
51                android:scheme="upi" />
51-->src\main\AndroidManifest.xml:77:21-43
52        </intent>
53        <intent>
53-->[com.razorpay:checkout:1.6.36] AndroidManifest.xml:28:9-30:18
54            <action android:name="android.intent.action.MAIN" />
54-->src\main\AndroidManifest.xml:62:17-69
54-->src\main\AndroidManifest.xml:62:25-66
55        </intent>
56        <intent>
56-->[com.razorpay:checkout:1.6.36] AndroidManifest.xml:31:9-35:18
57            <action android:name="android.intent.action.SEND" />
57-->[com.razorpay:checkout:1.6.36] AndroidManifest.xml:32:13-65
57-->[com.razorpay:checkout:1.6.36] AndroidManifest.xml:32:21-62
58
59            <data android:mimeType="*/*" />
59-->src\main\AndroidManifest.xml:75:17-77:46
60        </intent>
61        <intent>
61-->[com.razorpay:checkout:1.6.36] AndroidManifest.xml:36:9-38:18
62            <action android:name="rzp.device_token.share" />
62-->[com.razorpay:checkout:1.6.36] AndroidManifest.xml:37:13-61
62-->[com.razorpay:checkout:1.6.36] AndroidManifest.xml:37:21-58
63        </intent> <!-- Added to check the default browser that will host the AuthFlow. -->
64        <intent>
64-->[com.stripe:financial-connections:20.28.3] AndroidManifest.xml:13:9-17:18
65            <action android:name="android.intent.action.VIEW" />
65-->src\main\AndroidManifest.xml:70:17-69
65-->src\main\AndroidManifest.xml:70:25-66
66
67            <data android:scheme="http" />
67-->src\main\AndroidManifest.xml:75:17-77:46
67-->src\main\AndroidManifest.xml:77:21-43
68        </intent> <!-- Added to check if Chrome is installed for browser-based payment authentication (e.g. 3DS1). -->
69        <package android:name="com.android.chrome" /> <!-- Specific apps you interact with, eg: -->
69-->[com.stripe:payments-core:20.28.3] AndroidManifest.xml:11:9-54
69-->[com.stripe:payments-core:20.28.3] AndroidManifest.xml:11:18-51
70        <package android:name="com.paytm.pgsdk.TransactionManager.PAYTM_APP_PACKAGE" /> <!-- Needs to be explicitly declared on Android R+ -->
70-->[com.paytm.appinvokesdk:appinvokesdk:1.6.4] AndroidManifest.xml:12:9-88
70-->[com.paytm.appinvokesdk:appinvokesdk:1.6.4] AndroidManifest.xml:12:18-85
71        <package android:name="com.google.android.apps.maps" />
71-->[com.google.android.gms:play-services-maps:18.1.0] AndroidManifest.xml:33:9-64
71-->[com.google.android.gms:play-services-maps:18.1.0] AndroidManifest.xml:33:18-61
72
73        <intent>
73-->[androidx.media2:media2-session:1.2.1] AndroidManifest.xml:25:9-27:18
74            <action android:name="android.media.browse.MediaBrowserService" />
74-->[androidx.media2:media2-session:1.2.1] AndroidManifest.xml:26:13-79
74-->[androidx.media2:media2-session:1.2.1] AndroidManifest.xml:26:21-76
75        </intent>
76        <intent>
76-->[androidx.media2:media2-session:1.2.1] AndroidManifest.xml:28:9-30:18
77            <action android:name="androidx.media2.session.MediaSessionService" />
77-->[androidx.media2:media2-session:1.2.1] AndroidManifest.xml:29:13-82
77-->[androidx.media2:media2-session:1.2.1] AndroidManifest.xml:29:21-79
78        </intent>
79        <intent>
79-->[androidx.media2:media2-session:1.2.1] AndroidManifest.xml:31:9-33:18
80            <action android:name="androidx.media2.session.MediaLibraryService" />
80-->[androidx.media2:media2-session:1.2.1] AndroidManifest.xml:32:13-82
80-->[androidx.media2:media2-session:1.2.1] AndroidManifest.xml:32:21-79
81        </intent>
82    </queries>
83
84    <uses-permission android:name="android.permission.ACCESS_NETWORK_STATE" /> <!-- Permissions options for the `notification` group -->
84-->[:firebase_messaging] AndroidManifest.xml:11:5-79
84-->[:firebase_messaging] AndroidManifest.xml:11:22-76
85    <uses-permission android:name="android.permission.POST_NOTIFICATIONS" />
85-->[:firebase_messaging] AndroidManifest.xml:13:5-77
85-->[:firebase_messaging] AndroidManifest.xml:13:22-74
86    <uses-permission android:name="android.permission.VIBRATE" />
86-->[:vibration] AndroidManifest.xml:9:5-66
86-->[:vibration] AndroidManifest.xml:9:22-63
87    <uses-permission android:name="android.permission.BROADCAST_CLOSE_SYSTEM_DIALOGS" />
87-->[:awesome_notifications] AndroidManifest.xml:10:5-89
87-->[:awesome_notifications] AndroidManifest.xml:10:22-86
88    <uses-permission android:name="android.permission.RECEIVE_BOOT_COMPLETED" />
88-->[:awesome_notifications] AndroidManifest.xml:11:5-81
88-->[:awesome_notifications] AndroidManifest.xml:11:22-78
89    <uses-permission android:name="android.permission.READ_MEDIA_IMAGES" />
89-->[:open_filex] AndroidManifest.xml:13:5-76
89-->[:open_filex] AndroidManifest.xml:13:22-73
90    <uses-permission android:name="android.permission.READ_MEDIA_VIDEO" />
90-->[:open_filex] AndroidManifest.xml:14:5-75
90-->[:open_filex] AndroidManifest.xml:14:22-72
91    <uses-permission android:name="android.permission.READ_MEDIA_AUDIO" />
91-->[:open_filex] AndroidManifest.xml:15:5-75
91-->[:open_filex] AndroidManifest.xml:15:22-72
92    <uses-permission android:name="android.permission.READ_PHONE_STATE" />
92-->[com.paytm.easypay:easypay-appinvoke:1.7.3] AndroidManifest.xml:10:5-75
92-->[com.paytm.easypay:easypay-appinvoke:1.7.3] AndroidManifest.xml:10:22-72
93
94    <uses-feature
94-->[com.google.android.gms:play-services-maps:18.1.0] AndroidManifest.xml:26:5-28:35
95        android:glEsVersion="0x00020000"
95-->[com.google.android.gms:play-services-maps:18.1.0] AndroidManifest.xml:27:9-41
96        android:required="true" /> <!-- Required by older versions of Google Play services to create IID tokens -->
96-->[com.google.android.gms:play-services-maps:18.1.0] AndroidManifest.xml:28:9-32
97    <uses-permission android:name="com.google.android.c2dm.permission.RECEIVE" />
97-->[com.google.firebase:firebase-messaging:23.2.0] AndroidManifest.xml:28:5-82
97-->[com.google.firebase:firebase-messaging:23.2.0] AndroidManifest.xml:28:22-79
98
99    <permission
99-->[androidx.core:core:1.10.1] AndroidManifest.xml:22:5-24:47
100        android:name="com.chayakart.DYNAMIC_RECEIVER_NOT_EXPORTED_PERMISSION"
100-->[androidx.core:core:1.10.1] AndroidManifest.xml:23:9-81
101        android:protectionLevel="signature" />
101-->[androidx.core:core:1.10.1] AndroidManifest.xml:24:9-44
102
103    <uses-permission android:name="com.chayakart.DYNAMIC_RECEIVER_NOT_EXPORTED_PERMISSION" /> <!-- for android -->
103-->[androidx.core:core:1.10.1] AndroidManifest.xml:26:5-97
103-->[androidx.core:core:1.10.1] AndroidManifest.xml:26:22-94
104    <!-- <uses-permission android:name="com.android.launcher.permission.READ_SETTINGS"/> -->
105    <!-- <uses-permission android:name="com.android.launcher.permission.WRITE_SETTINGS"/> -->
106    <!-- <uses-permission android:name="com.android.launcher.permission.INSTALL_SHORTCUT" /> -->
107    <!-- <uses-permission android:name="com.android.launcher.permission.UNINSTALL_SHORTCUT" /> -->
108    <!-- for Samsung -->
109    <uses-permission android:name="com.sec.android.provider.badge.permission.READ" />
109-->[me.leolin:ShortcutBadger:1.1.22] AndroidManifest.xml:19:5-86
109-->[me.leolin:ShortcutBadger:1.1.22] AndroidManifest.xml:19:22-83
110    <uses-permission android:name="com.sec.android.provider.badge.permission.WRITE" /> <!-- for htc -->
110-->[me.leolin:ShortcutBadger:1.1.22] AndroidManifest.xml:20:5-87
110-->[me.leolin:ShortcutBadger:1.1.22] AndroidManifest.xml:20:22-84
111    <uses-permission android:name="com.htc.launcher.permission.READ_SETTINGS" />
111-->[me.leolin:ShortcutBadger:1.1.22] AndroidManifest.xml:23:5-81
111-->[me.leolin:ShortcutBadger:1.1.22] AndroidManifest.xml:23:22-78
112    <uses-permission android:name="com.htc.launcher.permission.UPDATE_SHORTCUT" /> <!-- for sony -->
112-->[me.leolin:ShortcutBadger:1.1.22] AndroidManifest.xml:24:5-83
112-->[me.leolin:ShortcutBadger:1.1.22] AndroidManifest.xml:24:22-80
113    <uses-permission android:name="com.sonyericsson.home.permission.BROADCAST_BADGE" />
113-->[me.leolin:ShortcutBadger:1.1.22] AndroidManifest.xml:27:5-88
113-->[me.leolin:ShortcutBadger:1.1.22] AndroidManifest.xml:27:22-85
114    <uses-permission android:name="com.sonymobile.home.permission.PROVIDER_INSERT_BADGE" /> <!-- for apex -->
114-->[me.leolin:ShortcutBadger:1.1.22] AndroidManifest.xml:28:5-92
114-->[me.leolin:ShortcutBadger:1.1.22] AndroidManifest.xml:28:22-89
115    <uses-permission android:name="com.anddoes.launcher.permission.UPDATE_COUNT" /> <!-- for solid -->
115-->[me.leolin:ShortcutBadger:1.1.22] AndroidManifest.xml:31:5-84
115-->[me.leolin:ShortcutBadger:1.1.22] AndroidManifest.xml:31:22-81
116    <uses-permission android:name="com.majeur.launcher.permission.UPDATE_BADGE" /> <!-- for huawei -->
116-->[me.leolin:ShortcutBadger:1.1.22] AndroidManifest.xml:34:5-83
116-->[me.leolin:ShortcutBadger:1.1.22] AndroidManifest.xml:34:22-80
117    <uses-permission android:name="com.huawei.android.launcher.permission.CHANGE_BADGE" />
117-->[me.leolin:ShortcutBadger:1.1.22] AndroidManifest.xml:37:5-91
117-->[me.leolin:ShortcutBadger:1.1.22] AndroidManifest.xml:37:22-88
118    <uses-permission android:name="com.huawei.android.launcher.permission.READ_SETTINGS" />
118-->[me.leolin:ShortcutBadger:1.1.22] AndroidManifest.xml:38:5-92
118-->[me.leolin:ShortcutBadger:1.1.22] AndroidManifest.xml:38:22-89
119    <uses-permission android:name="com.huawei.android.launcher.permission.WRITE_SETTINGS" /> <!-- for ZUK -->
119-->[me.leolin:ShortcutBadger:1.1.22] AndroidManifest.xml:39:5-93
119-->[me.leolin:ShortcutBadger:1.1.22] AndroidManifest.xml:39:22-90
120    <uses-permission android:name="android.permission.READ_APP_BADGE" /> <!-- for OPPO -->
120-->[me.leolin:ShortcutBadger:1.1.22] AndroidManifest.xml:42:5-73
120-->[me.leolin:ShortcutBadger:1.1.22] AndroidManifest.xml:42:22-70
121    <uses-permission android:name="com.oppo.launcher.permission.READ_SETTINGS" />
121-->[me.leolin:ShortcutBadger:1.1.22] AndroidManifest.xml:45:5-82
121-->[me.leolin:ShortcutBadger:1.1.22] AndroidManifest.xml:45:22-79
122    <uses-permission android:name="com.oppo.launcher.permission.WRITE_SETTINGS" /> <!-- for EvMe -->
122-->[me.leolin:ShortcutBadger:1.1.22] AndroidManifest.xml:46:5-83
122-->[me.leolin:ShortcutBadger:1.1.22] AndroidManifest.xml:46:22-80
123    <uses-permission android:name="me.everything.badger.permission.BADGE_COUNT_READ" />
123-->[me.leolin:ShortcutBadger:1.1.22] AndroidManifest.xml:49:5-88
123-->[me.leolin:ShortcutBadger:1.1.22] AndroidManifest.xml:49:22-85
124    <uses-permission android:name="me.everything.badger.permission.BADGE_COUNT_WRITE" />
124-->[me.leolin:ShortcutBadger:1.1.22] AndroidManifest.xml:50:5-89
124-->[me.leolin:ShortcutBadger:1.1.22] AndroidManifest.xml:50:22-86
125
126    <application
127        android:name="android.app.Application"
127-->src\main\AndroidManifest.xml:25:9-42
128        android:appComponentFactory="androidx.core.app.CoreComponentFactory"
128-->[androidx.core:core:1.10.1] AndroidManifest.xml:28:18-86
129        android:extractNativeLibs="false"
130        android:icon="@mipmap/ic_launcher"
130-->src\main\AndroidManifest.xml:26:9-43
131        android:label="Chhayakart"
131-->src\main\AndroidManifest.xml:27:9-35
132        android:roundIcon="@mipmap/ic_launcher_round"
132-->src\main\AndroidManifest.xml:28:9-54
133        android:usesCleartextTraffic="true" >
133-->src\main\AndroidManifest.xml:29:9-44
134        <meta-data
134-->src\main\AndroidManifest.xml:31:9-33:71
135            android:name="com.google.android.geo.API_KEY"
135-->src\main\AndroidManifest.xml:32:13-58
136            android:value="AIzaSyC_9cAGZnlvSGLKRUMCxIgteTpaMvE83oY" />
136-->src\main\AndroidManifest.xml:33:13-68
137
138        <activity
138-->src\main\AndroidManifest.xml:35:9-80:20
139            android:name="com.chayakart.HomeMainScreen"
139-->src\main\AndroidManifest.xml:36:13-43
140            android:configChanges="orientation|keyboardHidden|keyboard|screenSize|smallestScreenSize|locale|layoutDirection|fontScale|screenLayout|density|uiMode"
140-->src\main\AndroidManifest.xml:37:13-163
141            android:exported="true"
141-->src\main\AndroidManifest.xml:38:13-36
142            android:hardwareAccelerated="true"
142-->src\main\AndroidManifest.xml:39:13-47
143            android:launchMode="singleTop"
143-->src\main\AndroidManifest.xml:40:13-43
144            android:theme="@style/LaunchTheme"
144-->src\main\AndroidManifest.xml:41:13-47
145            android:windowSoftInputMode="adjustResize" >
145-->src\main\AndroidManifest.xml:42:13-55
146
147            <!--
148                 Specifies an Android theme to apply to this Activity as soon as
149                 the Android process has started. This theme is visible to the user
150                 while the Flutter UI initializes. After that, this theme continues
151                 to determine the Window background behind the Flutter UI.
152            -->
153            <meta-data
153-->src\main\AndroidManifest.xml:47:13-49:57
154                android:name="io.flutter.embedding.android.NormalTheme"
154-->src\main\AndroidManifest.xml:48:17-72
155                android:resource="@style/NormalTheme" />
155-->src\main\AndroidManifest.xml:49:17-54
156            <meta-data
156-->src\main\AndroidManifest.xml:51:13-53:37
157                android:name="flutterEmbedding"
157-->src\main\AndroidManifest.xml:52:17-48
158                android:value="2" />
158-->src\main\AndroidManifest.xml:53:17-34
159            <meta-data
159-->src\main\AndroidManifest.xml:54:13-56:41
160                android:name="firebase_messaging_auto_init_enabled"
160-->src\main\AndroidManifest.xml:55:17-68
161                android:value="false" />
161-->src\main\AndroidManifest.xml:56:17-38
162            <meta-data
162-->src\main\AndroidManifest.xml:57:13-59:41
163                android:name="firebase_analytics_collection_enabled"
163-->src\main\AndroidManifest.xml:58:17-69
164                android:value="false" />
164-->src\main\AndroidManifest.xml:59:17-38
165
166            <intent-filter>
166-->src\main\AndroidManifest.xml:61:13-64:29
167                <action android:name="android.intent.action.MAIN" />
167-->src\main\AndroidManifest.xml:62:17-69
167-->src\main\AndroidManifest.xml:62:25-66
168
169                <category android:name="android.intent.category.LAUNCHER" />
169-->src\main\AndroidManifest.xml:63:17-77
169-->src\main\AndroidManifest.xml:63:27-74
170            </intent-filter>
171            <intent-filter>
171-->src\main\AndroidManifest.xml:65:13-68:29
172                <action android:name="FLUTTER_NOTIFICATION_CLICK" />
172-->src\main\AndroidManifest.xml:66:17-69
172-->src\main\AndroidManifest.xml:66:25-66
173
174                <category android:name="android.intent.category.DEFAULT" />
174-->src\main\AndroidManifest.xml:67:17-76
174-->src\main\AndroidManifest.xml:67:27-73
175            </intent-filter>
176            <intent-filter>
176-->src\main\AndroidManifest.xml:69:13-78:29
177                <action android:name="android.intent.action.VIEW" />
177-->src\main\AndroidManifest.xml:70:17-69
177-->src\main\AndroidManifest.xml:70:25-66
178
179                <category android:name="android.intent.category.DEFAULT" />
179-->src\main\AndroidManifest.xml:67:17-76
179-->src\main\AndroidManifest.xml:67:27-73
180                <category android:name="android.intent.category.BROWSABLE" />
180-->src\main\AndroidManifest.xml:73:17-78
180-->src\main\AndroidManifest.xml:73:27-75
181
182                <data
182-->src\main\AndroidManifest.xml:75:17-77:46
183                    android:host="egrocer.page.link"
183-->src\main\AndroidManifest.xml:76:21-53
184                    android:scheme="https" />
184-->src\main\AndroidManifest.xml:77:21-43
185            </intent-filter>
186        </activity>
187
188        <receiver
188-->src\main\AndroidManifest.xml:81:9-86:20
189            android:name="com.shounakmulay.telephony.sms.IncomingSmsReceiver"
189-->src\main\AndroidManifest.xml:81:19-84
190            android:exported="true"
190-->src\main\AndroidManifest.xml:82:67-90
191            android:permission="android.permission.BROADCAST_SMS" >
191-->src\main\AndroidManifest.xml:82:13-66
192            <intent-filter>
192-->src\main\AndroidManifest.xml:83:13-85:29
193                <action android:name="android.provider.Telephony.SMS_RECEIVED" />
193-->src\main\AndroidManifest.xml:84:17-81
193-->src\main\AndroidManifest.xml:84:25-79
194            </intent-filter>
195        </receiver>
196
197        <service
197-->[:firebase_messaging] AndroidManifest.xml:16:9-19:72
198            android:name="io.flutter.plugins.firebase.messaging.FlutterFirebaseMessagingBackgroundService"
198-->[:firebase_messaging] AndroidManifest.xml:17:13-107
199            android:exported="false"
199-->[:firebase_messaging] AndroidManifest.xml:18:13-37
200            android:permission="android.permission.BIND_JOB_SERVICE" />
200-->[:firebase_messaging] AndroidManifest.xml:19:13-69
201        <service
201-->[:firebase_messaging] AndroidManifest.xml:20:9-26:19
202            android:name="io.flutter.plugins.firebase.messaging.FlutterFirebaseMessagingService"
202-->[:firebase_messaging] AndroidManifest.xml:21:13-97
203            android:exported="false" >
203-->[:firebase_messaging] AndroidManifest.xml:22:13-37
204            <intent-filter>
204-->[:firebase_messaging] AndroidManifest.xml:23:13-25:29
205                <action android:name="com.google.firebase.MESSAGING_EVENT" />
205-->[:firebase_messaging] AndroidManifest.xml:24:17-78
205-->[:firebase_messaging] AndroidManifest.xml:24:25-75
206            </intent-filter>
207        </service>
208
209        <receiver
209-->[:firebase_messaging] AndroidManifest.xml:28:9-35:20
210            android:name="io.flutter.plugins.firebase.messaging.FlutterFirebaseMessagingReceiver"
210-->[:firebase_messaging] AndroidManifest.xml:29:13-98
211            android:exported="true"
211-->[:firebase_messaging] AndroidManifest.xml:30:13-36
212            android:permission="com.google.android.c2dm.permission.SEND" >
212-->[:firebase_messaging] AndroidManifest.xml:31:13-73
213            <intent-filter>
213-->[:firebase_messaging] AndroidManifest.xml:32:13-34:29
214                <action android:name="com.google.android.c2dm.intent.RECEIVE" />
214-->[:firebase_messaging] AndroidManifest.xml:33:17-81
214-->[:firebase_messaging] AndroidManifest.xml:33:25-78
215            </intent-filter>
216        </receiver>
217
218        <service
218-->[:firebase_messaging] AndroidManifest.xml:37:9-41:19
219            android:name="com.google.firebase.components.ComponentDiscoveryService"
219-->[:firebase_messaging] AndroidManifest.xml:37:18-89
220            android:directBootAware="true"
220-->[com.google.firebase:firebase-common:20.3.3] AndroidManifest.xml:34:13-43
221            android:exported="false" >
221-->[com.google.firebase:firebase-auth:22.1.0] AndroidManifest.xml:68:13-37
222            <meta-data
222-->[:firebase_messaging] AndroidManifest.xml:38:13-40:85
223                android:name="com.google.firebase.components:io.flutter.plugins.firebase.messaging.FlutterFirebaseAppRegistrar"
223-->[:firebase_messaging] AndroidManifest.xml:39:17-128
224                android:value="com.google.firebase.components.ComponentRegistrar" />
224-->[:firebase_messaging] AndroidManifest.xml:40:17-82
225            <meta-data
225-->[:firebase_crashlytics] AndroidManifest.xml:11:13-13:85
226                android:name="com.google.firebase.components:io.flutter.plugins.firebase.crashlytics.FlutterFirebaseAppRegistrar"
226-->[:firebase_crashlytics] AndroidManifest.xml:12:17-130
227                android:value="com.google.firebase.components.ComponentRegistrar" />
227-->[:firebase_crashlytics] AndroidManifest.xml:13:17-82
228            <meta-data
228-->[:firebase_dynamic_links] AndroidManifest.xml:13:13-15:85
229                android:name="com.google.firebase.components:io.flutter.plugins.firebase.dynamiclinks.FlutterFirebaseAppRegistrar"
229-->[:firebase_dynamic_links] AndroidManifest.xml:14:17-131
230                android:value="com.google.firebase.components.ComponentRegistrar" />
230-->[:firebase_dynamic_links] AndroidManifest.xml:15:17-82
231            <meta-data
231-->[:firebase_auth] AndroidManifest.xml:11:13-13:85
232                android:name="com.google.firebase.components:io.flutter.plugins.firebase.auth.FlutterFirebaseAuthRegistrar"
232-->[:firebase_auth] AndroidManifest.xml:12:17-124
233                android:value="com.google.firebase.components.ComponentRegistrar" />
233-->[:firebase_auth] AndroidManifest.xml:13:17-82
234            <meta-data
234-->[:firebase_core] AndroidManifest.xml:11:13-13:85
235                android:name="com.google.firebase.components:io.flutter.plugins.firebase.core.FlutterFirebaseCoreRegistrar"
235-->[:firebase_core] AndroidManifest.xml:12:17-124
236                android:value="com.google.firebase.components.ComponentRegistrar" />
236-->[:firebase_core] AndroidManifest.xml:13:17-82
237            <meta-data
237-->[com.google.firebase:firebase-auth:22.1.0] AndroidManifest.xml:69:13-71:85
238                android:name="com.google.firebase.components:com.google.firebase.auth.FirebaseAuthRegistrar"
238-->[com.google.firebase:firebase-auth:22.1.0] AndroidManifest.xml:70:17-109
239                android:value="com.google.firebase.components.ComponentRegistrar" />
239-->[com.google.firebase:firebase-auth:22.1.0] AndroidManifest.xml:71:17-82
240            <meta-data
240-->[com.google.firebase:firebase-messaging:23.2.0] AndroidManifest.xml:55:13-57:85
241                android:name="com.google.firebase.components:com.google.firebase.messaging.FirebaseMessagingRegistrar"
241-->[com.google.firebase:firebase-messaging:23.2.0] AndroidManifest.xml:56:17-119
242                android:value="com.google.firebase.components.ComponentRegistrar" />
242-->[com.google.firebase:firebase-messaging:23.2.0] AndroidManifest.xml:57:17-82
243            <meta-data
243-->[com.google.firebase:firebase-dynamic-links:21.1.0] AndroidManifest.xml:26:13-28:85
244                android:name="com.google.firebase.components:com.google.firebase.dynamiclinks.internal.FirebaseDynamicLinkRegistrar"
244-->[com.google.firebase:firebase-dynamic-links:21.1.0] AndroidManifest.xml:27:17-133
245                android:value="com.google.firebase.components.ComponentRegistrar" />
245-->[com.google.firebase:firebase-dynamic-links:21.1.0] AndroidManifest.xml:28:17-82
246            <meta-data
246-->[com.google.firebase:firebase-iid:21.1.0] AndroidManifest.xml:32:13-34:85
247                android:name="com.google.firebase.components:com.google.firebase.iid.Registrar"
247-->[com.google.firebase:firebase-iid:21.1.0] AndroidManifest.xml:33:17-96
248                android:value="com.google.firebase.components.ComponentRegistrar" />
248-->[com.google.firebase:firebase-iid:21.1.0] AndroidManifest.xml:34:17-82
249            <meta-data
249-->[com.google.firebase:firebase-crashlytics:18.4.0] AndroidManifest.xml:17:13-19:85
250                android:name="com.google.firebase.components:com.google.firebase.crashlytics.CrashlyticsRegistrar"
250-->[com.google.firebase:firebase-crashlytics:18.4.0] AndroidManifest.xml:18:17-115
251                android:value="com.google.firebase.components.ComponentRegistrar" />
251-->[com.google.firebase:firebase-crashlytics:18.4.0] AndroidManifest.xml:19:17-82
252            <meta-data
252-->[com.google.firebase:firebase-sessions:1.0.0] AndroidManifest.xml:27:13-29:85
253                android:name="com.google.firebase.components:com.google.firebase.sessions.FirebaseSessionsRegistrar"
253-->[com.google.firebase:firebase-sessions:1.0.0] AndroidManifest.xml:28:17-117
254                android:value="com.google.firebase.components.ComponentRegistrar" />
254-->[com.google.firebase:firebase-sessions:1.0.0] AndroidManifest.xml:29:17-82
255            <meta-data
255-->[com.google.firebase:firebase-installations:17.1.3] AndroidManifest.xml:17:13-19:85
256                android:name="com.google.firebase.components:com.google.firebase.installations.FirebaseInstallationsRegistrar"
256-->[com.google.firebase:firebase-installations:17.1.3] AndroidManifest.xml:18:17-127
257                android:value="com.google.firebase.components.ComponentRegistrar" />
257-->[com.google.firebase:firebase-installations:17.1.3] AndroidManifest.xml:19:17-82
258            <meta-data
258-->[com.google.firebase:firebase-datatransport:18.1.8] AndroidManifest.xml:27:13-29:85
259                android:name="com.google.firebase.components:com.google.firebase.datatransport.TransportRegistrar"
259-->[com.google.firebase:firebase-datatransport:18.1.8] AndroidManifest.xml:28:17-115
260                android:value="com.google.firebase.components.ComponentRegistrar" />
260-->[com.google.firebase:firebase-datatransport:18.1.8] AndroidManifest.xml:29:17-82
261            <meta-data
261-->[com.google.firebase:firebase-common-ktx:20.3.3] AndroidManifest.xml:14:13-16:85
262                android:name="com.google.firebase.components:com.google.firebase.ktx.FirebaseCommonKtxRegistrar"
262-->[com.google.firebase:firebase-common-ktx:20.3.3] AndroidManifest.xml:15:17-113
263                android:value="com.google.firebase.components.ComponentRegistrar" />
263-->[com.google.firebase:firebase-common-ktx:20.3.3] AndroidManifest.xml:16:17-82
264        </service>
265
266        <provider
266-->[:firebase_messaging] AndroidManifest.xml:43:9-47:38
267            android:name="io.flutter.plugins.firebase.messaging.FlutterFirebaseMessagingInitProvider"
267-->[:firebase_messaging] AndroidManifest.xml:44:13-102
268            android:authorities="com.chayakart.flutterfirebasemessaginginitprovider"